<?xml version="1.0" encoding="UTF-8"?>
<!-- Generated by org.testng.reporters.JUnitReportReporter -->
<testsuite skipped="0" hostname="DESKTOP-7IHME2E" name="com.k2js.testngbasics.testscripts.TestRunner2" tests="1" failures="0" timestamp="2020-02-02T17:03:35 IST" time="0.006" errors="0">
  <testcase name="verifyHeadings" time="0.006" classname="com.k2js.testngbasics.testscripts.TestRunner2"/>
  <system-out/>
</testsuite> <!-- com.k2js.testngbasics.testscripts.TestRunner2 -->
