<?xml version="1.0" encoding="UTF-8"?>
<!-- Generated by org.testng.reporters.JUnitReportReporter -->
<testsuite skipped="0" hostname="DESKTOP-7IHME2E" name="com.k2js.testngbasics.testscripts.TestRunner" tests="2" failures="0" timestamp="2020-02-02T17:34:12 IST" time="0.023" errors="0">
  <testcase name="verifyConfirmationMessage" time="0.009" classname="com.k2js.testngbasics.testscripts.TestRunner"/>
  <system-out/>
  <testcase name="verifyConfirmationMessage" time="0.014" classname="com.k2js.testngbasics.testscripts.TestRunner"/>
  <system-out/>
</testsuite> <!-- com.k2js.testngbasics.testscripts.TestRunner -->
