<?xml version="1.0" encoding="UTF-8"?>
<!-- Generated by org.testng.reporters.JUnitReportReporter -->
<testsuite skipped="0" hostname="DESKTOP-7IHME2E" name="com.k2js.mavenbasicfw.testscripts.TestRunner" tests="1" failures="0" timestamp="2020-02-01T18:23:06 IST" time="12.179" errors="0">
  <testcase name="verifyHomePageTitle" time="12.179" classname="com.k2js.mavenbasicfw.testscripts.TestRunner"/>
  <system-out/>
</testsuite> <!-- com.k2js.mavenbasicfw.testscripts.TestRunner -->
