<?xml version="1.0" encoding="UTF-8"?>
<!-- Generated by org.testng.reporters.JUnitReportReporter -->
<testsuite skipped="0" hostname="DESKTOP-7IHME2E" name="com.k2js.testngbasics.testscripts.TestRunner" tests="1" failures="0" timestamp="2020-02-02T15:16:10 IST" time="0.016" errors="0">
  <testcase name="verifyHomePageTitle" time="0.016" classname="com.k2js.testngbasics.testscripts.TestRunner"/>
  <system-out/>
</testsuite> <!-- com.k2js.testngbasics.testscripts.TestRunner -->
