<?xml version="1.0" encoding="UTF-8"?>
<!-- Generated by org.testng.reporters.JUnitReportReporter -->
<testsuite skipped="0" hostname="DESKTOP-7IHME2E" name="com.k2js.excelbasics.practice.TestRunner" tests="2" failures="0" timestamp="2020-02-08T15:49:02 IST" time="0.012" errors="0">
  <testcase name="verifyConfirmationMessage" time="0.008" classname="com.k2js.excelbasics.practice.TestRunner"/>
  <system-out/>
  <testcase name="verifyConfirmationMessage" time="0.004" classname="com.k2js.excelbasics.practice.TestRunner"/>
  <system-out/>
</testsuite> <!-- com.k2js.excelbasics.practice.TestRunner -->
