<?xml version="1.0" encoding="UTF-8"?>
<!-- Generated by org.testng.reporters.JUnitReportReporter -->
<testsuite skipped="0" hostname="DESKTOP-7IHME2E" name="com.k2js.mavenbasicfw.testscripts.TestRunner2" tests="1" failures="0" timestamp="2020-02-02T14:47:41 IST" time="13.378" errors="0">
  <testcase name="verifyHeadings" time="13.378" classname="com.k2js.mavenbasicfw.testscripts.TestRunner2"/>
  <system-out/>
</testsuite> <!-- com.k2js.mavenbasicfw.testscripts.TestRunner2 -->
