<?xml version="1.0" encoding="UTF-8"?>
<!-- Generated by org.testng.reporters.JUnitReportReporter -->
<testsuite skipped="0" hostname="DESKTOP-7IHME2E" name="com.k2js.mavenbasicfw.testscripts.TestRunner" tests="2" failures="0" timestamp="2020-02-02T14:47:42 IST" time="19.437" errors="0">
  <testcase name="verifyConfirmationMessage" time="12.080" classname="com.k2js.mavenbasicfw.testscripts.TestRunner"/>
  <system-out/>
  <testcase name="verifyHomePageTitle" time="7.357" classname="com.k2js.mavenbasicfw.testscripts.TestRunner"/>
  <system-out/>
</testsuite> <!-- com.k2js.mavenbasicfw.testscripts.TestRunner -->
